#
# A fatal error has been detected by the Java Runtime Environment:
#
#  SIGSEGV (0xb) at pc=0x000000010cd6aa46, pid=21962, tid=0x0000000000000307
#
# JRE version: Java(TM) SE Runtime Environment (8.0_151-b12) (build 1.8.0_151-b12)
# Java VM: Java HotSpot(TM) 64-Bit Server VM (25.151-b12 mixed mode bsd-amd64 compressed oops)
# Problematic frame:
# V  [libjvm.dylib+0x16aa46]
#
# Failed to write core dump. Core dumps have been disabled. To enable core dumping, try "ulimit -c unlimited" before starting Java again
#
# If you would like to submit a bug report, please visit:
#   http://bugreport.java.com/bugreport/crash.jsp
#

---------------  T H R E A D  ---------------

Current thread is native thread

siginfo: si_signo: 11 (SIGSEGV), si_code: 1 (SEGV_MAPERR), si_addr: 0x0000000000000270

Registers:
RAX=0x0000000000000000, RBX=0x0000000000000000, RCX=0x000000010d431500, RDX=0x0000000000000000
RSP=0x00007ffee40f3f10, RBP=0x00007ffee40f3f20, RSI=0x0000000000000006, RDI=0x00007ffee40f3f30
R8 =0x0000000000000000, R9 =0x0000000000000000, R10=0x00007fffafc62ed8, R11=0x00007fc2fd63db20
R12=0x00007fc2f710c9f8, R13=0x00007fc2fa902390, R14=0x00007fc2fd633ac0, R15=0x00007fc2f710c9f8
RIP=0x000000010cd6aa46, EFLAGS=0x0000000000010246, ERR=0x0000000000000006
  TRAPNO=0x000000000000000e

Top of Stack: (sp=0x00007ffee40f3f10)
0x00007ffee40f3f10:   0000000000000000 00007fc2fd633ac0
0x00007ffee40f3f20:   00007ffee40f3f50 000000010cf1515e
0x00007ffee40f3f30:   0000000000000000 00007fc2fad506f0
0x00007ffee40f3f40:   0000000000000008 00007fc2fad50ce0
0x00007ffee40f3f50:   00007ffee40f3f70 00007fff58de3e4e
0x00007ffee40f3f60:   00007fc2f710c9f8 00007fc2f6cb1200
0x00007ffee40f3f70:   00007ffee40f3f90 00007fff58de3c5b
0x00007ffee40f3f80:   00007fc2fad50600 00007fc2fd62b6d0
0x00007ffee40f3f90:   00007ffee40f3ff0 000000012f4d3ff3
0x00007ffee40f3fa0:   00007fff534c353e 0000000000000000
0x00007ffee40f3fb0:   411ff1c8f95d8688 00007fc2f6cb1200
0x00007ffee40f3fc0:   00007ffee40f3ff0 00007fff7be9de80
0x00007ffee40f3fd0:   00007fc2fad50ce0 00007fc2fa902390
0x00007ffee40f3fe0:   00007fc2fad511e0 00007fc2f6cb1200
0x00007ffee40f3ff0:   00007ffee40f40a0 00007fff6038faa6
0x00007ffee40f4000:   00007fc2fad50ce0 0000000000000000
0x00007ffee40f4010:   0000000000000000 00007fc2fad50ce0
0x00007ffee40f4020:   0000000000000000 0000000000000000
0x00007ffee40f4030:   00007ffee40f4080 0000000000000004
0x00007ffee40f4040:   0000000000000000 411ff1c8f95d8688
0x00007ffee40f4050:   0000000000000004 0000000000000000
0x00007ffee40f4060:   0000000000000000 00007ffee40f4080
0x00007ffee40f4070:   00007fc2fad50ce0 00007fff7be9de80
0x00007ffee40f4080:   0000000000000004 0000000000000000
0x00007ffee40f4090:   00007fc2fad50ce0 00007fff534c353e
0x00007ffee40f40a0:   00007ffee40f4110 00007fff6038f107
0x00007ffee40f40b0:   0000000000000000 0000000000000000
0x00007ffee40f40c0:   4092c00000000000 4082c00000000000
0x00007ffee40f40d0:   4082c00000000000 4092c00000000000
0x00007ffee40f40e0:   4000000000000000 00007ffee40f41e0
0x00007ffee40f40f0:   00007fff7be9de80 0000000000000000
0x00007ffee40f4100:   00007fff534c5539 00007fc2f5f008e0 

Instructions: (pc=0x000000010cd6aa46)
0x000000010cd6aa26:   0e 48 8b 0b 49 8b 56 18 48 63 c0 48 89 0c c2 5b
0x000000010cd6aa36:   41 5e 5d c3 90 90 55 48 89 e5 41 56 53 48 8b 1f
0x000000010cd6aa46:   c7 83 70 02 00 00 05 00 00 00 48 8d 05 01 81 78
0x000000010cd6aa56:   00 8b 00 83 f8 01 41 89 f6 75 0c 48 8d 0d 4e ec 

Register to memory mapping:

RAX=0x0000000000000000 is an unknown value
RBX=0x0000000000000000 is an unknown value
RCX=0x000000010d431500: jni_NativeInterface+0 in /Library/Java/JavaVirtualMachines/jdk1.8.0_151.jdk/Contents/Home/jre/lib/server/libjvm.dylib at 0x000000010cc00000
RDX=0x0000000000000000 is an unknown value
RSP=0x00007ffee40f3f10 is an unknown value
RBP=0x00007ffee40f3f20 is an unknown value
RSI=0x0000000000000006 is an unknown value
RDI=0x00007ffee40f3f30 is an unknown value
R8 =0x0000000000000000 is an unknown value
R9 =0x0000000000000000 is an unknown value
R10=0x00007fffafc62ed8: OBJC_CLASS_$_JNFWeakJObjectWrapper+0 in /System/Library/Frameworks/JavaVM.framework/Versions/A/Frameworks/JavaNativeFoundation.framework/Versions/A/JavaNativeFoundation at 0x00007fff58ddd000
R11=0x00007fc2fd63db20 is an unknown value
R12=0x00007fc2f710c9f8 is an unknown value
R13=0x00007fc2fa902390 is an unknown value
R14=0x00007fc2fd633ac0 is a weak global jni handle
R15=0x00007fc2f710c9f8 is an unknown value


Stack: [0x00007ffee38f8000,0x00007ffee40f8000],  sp=0x00007ffee40f3f10,  free space=8175k
Native frames: (J=compiled Java code, j=interpreted, Vv=VM code, C=native code)
V  [libjvm.dylib+0x16aa46]
V  [libjvm.dylib+0x31515e]
C  [JavaNativeFoundation+0x6e4e]  -[JNFWeakJObjectWrapper _getWithEnv:]+0x26
C  [JavaNativeFoundation+0x6c5b]  -[JNFJObjectWrapper jObjectWithEnv:]+0x16
C  [libawt_lwawt.dylib+0x1aff3]  -[CGLLayer drawInCGLContext:pixelFormat:forLayerTime:displayTime:]+0xa4
C  [QuartzCore+0x70aa6]  _ZL17CAOpenGLLayerDrawP13CAOpenGLLayerdPK11CVTimeStampj+0x7a7
C  [QuartzCore+0x70107]  -[CAOpenGLLayer _display]+0x235
C  [QuartzCore+0x11e63]  _ZN2CA5Layer17display_if_neededEPNS_11TransactionE+0x279
C  [QuartzCore+0x11921]  _ZN2CA5Layer28layout_and_display_if_neededEPNS_11TransactionE+0x23
C  [QuartzCore+0x109ac]  _ZN2CA7Context18commit_transactionEPNS_11TransactionE+0x146
C  [QuartzCore+0x1054d]  _ZN2CA11Transaction6commitEv+0x1e7
C  [QuartzCore+0x1c0c2]  _ZN2CA11Transaction17observer_callbackEP19__CFRunLoopObservermPv+0x42
C  [CoreFoundation+0xa2fa7]  __CFRUNLOOP_IS_CALLING_OUT_TO_AN_OBSERVER_CALLBACK_FUNCTION__+0x17
C  [CoreFoundation+0xa2ecf]  __CFRunLoopDoObservers+0x20f
C  [CoreFoundation+0x855f0]  __CFRunLoopRun+0x640
C  [CoreFoundation+0x84d23]  CFRunLoopRunSpecific+0x1e3
C  [java+0x6465]  CreateExecutionEnvironment+0x367
C  [java+0x218c]  JLI_Launch+0x7a0
C  [java+0x84c2]  main+0x65
C  [java+0x19e4]  start+0x34


---------------  P R O C E S S  ---------------

VM state:not at safepoint (normal execution)

VM Mutex/Monitor currently owned by a thread: None

Heap:
 PSYoungGen      total 76288K, used 33466K [0x000000076ab00000, 0x0000000770000000, 0x00000007c0000000)
  eden space 65536K, 37% used [0x000000076ab00000,0x000000076c34ed88,0x000000076eb00000)
  from space 10752K, 79% used [0x000000076eb00000,0x000000076f35fc90,0x000000076f580000)
  to   space 10752K, 0% used [0x000000076f580000,0x000000076f580000,0x0000000770000000)
 ParOldGen       total 82432K, used 17384K [0x00000006c0000000, 0x00000006c5080000, 0x000000076ab00000)
  object space 82432K, 21% used [0x00000006c0000000,0x00000006c10fa028,0x00000006c5080000)
 Metaspace       used 24642K, capacity 25564K, committed 25856K, reserved 1071104K
  class space    used 3266K, capacity 3484K, committed 3584K, reserved 1048576K

Card table byte_map: [0x000000010df67000,0x000000010e768000] byte_map_base: 0x000000010a967000

Marking Bits: (ParMarkBitMap*) 0x000000010d4f35d0
 Begin Bits: [0x0000000123495000, 0x0000000127495000)
 End Bits:   [0x0000000127495000, 0x000000012b495000)

Polling page: 0x000000010bb8c000

CodeCache: size=245760Kb used=11498Kb max_used=11498Kb free=234262Kb
 bounds [0x0000000114495000, 0x0000000114fe5000, 0x0000000123495000]
 total_blobs=4596 nmethods=3719 adapters=789
 compilation: enabled

Compilation events (10 events):
Event: 76.399 Thread 0x00007fc2f7020800 3977       3       javafx.scene.Scene$ScenePeerListener::touchEventEnd (83 bytes)
Event: 76.400 Thread 0x00007fc2f7020800 nmethod 3977 0x0000000114fd7310 code [0x0000000114fd74e0, 0x0000000114fd79a8]
Event: 76.400 Thread 0x00007fc2f7020800 3978       3       com.sun.javafx.tk.quantum.GestureRecognizers::notifyEndTouchEvent (32 bytes)
Event: 76.400 Thread 0x00007fc2f7020800 nmethod 3978 0x0000000114fd7c10 code [0x0000000114fd7e00, 0x0000000114fd85a8]
Event: 76.955 Thread 0x00007fc2f7020800 3979       1       java.awt.Component::isVisible_NoClientCode (5 bytes)
Event: 76.955 Thread 0x00007fc2f7020800 nmethod 3979 0x0000000114fd8a50 code [0x0000000114fd8ba0, 0x0000000114fd8cb0]
Event: 76.955 Thread 0x00007fc2f7020800 3981       3       jdk.internal.org.objectweb.asm.ClassWriter::visit (121 bytes)
Event: 76.956 Thread 0x00007fc2f7020800 nmethod 3981 0x0000000114fd8d10 code [0x0000000114fd8f00, 0x0000000114fd95d8]
Event: 76.956 Thread 0x00007fc2f7020800 3980       3       jdk.internal.org.objectweb.asm.ClassVisitor::<init> (35 bytes)
Event: 76.956 Thread 0x00007fc2f7020800 nmethod 3980 0x0000000114fd9a50 code [0x0000000114fd9be0, 0x0000000114fd9ee8]

GC Heap History (8 events):
Event: 10.320 GC heap before
{Heap before GC invocations=1 (full 0):
 PSYoungGen      total 76288K, used 54260K [0x000000076ab00000, 0x0000000770000000, 0x00000007c0000000)
  eden space 65536K, 82% used [0x000000076ab00000,0x000000076dffd398,0x000000076eb00000)
  from space 10752K, 0% used [0x000000076f580000,0x000000076f580000,0x0000000770000000)
  to   space 10752K, 0% used [0x000000076eb00000,0x000000076eb00000,0x000000076f580000)
 ParOldGen       total 175104K, used 0K [0x00000006c0000000, 0x00000006cab00000, 0x000000076ab00000)
  object space 175104K, 0% used [0x00000006c0000000,0x00000006c0000000,0x00000006cab00000)
 Metaspace       used 20262K, capacity 21042K, committed 21248K, reserved 1067008K
  class space    used 2792K, capacity 2976K, committed 3072K, reserved 1048576K
Event: 10.329 GC heap after
Heap after GC invocations=1 (full 0):
 PSYoungGen      total 76288K, used 9399K [0x000000076ab00000, 0x0000000770000000, 0x00000007c0000000)
  eden space 65536K, 0% used [0x000000076ab00000,0x000000076ab00000,0x000000076eb00000)
  from space 10752K, 87% used [0x000000076eb00000,0x000000076f42ddd8,0x000000076f580000)
  to   space 10752K, 0% used [0x000000076f580000,0x000000076f580000,0x0000000770000000)
 ParOldGen       total 175104K, used 5000K [0x00000006c0000000, 0x00000006cab00000, 0x000000076ab00000)
  object space 175104K, 2% used [0x00000006c0000000,0x00000006c04e2020,0x00000006cab00000)
 Metaspace       used 20262K, capacity 21042K, committed 21248K, reserved 1067008K
  class space    used 2792K, capacity 2976K, committed 3072K, reserved 1048576K
}
Event: 10.329 GC heap before
{Heap before GC invocations=2 (full 1):
 PSYoungGen      total 76288K, used 9399K [0x000000076ab00000, 0x0000000770000000, 0x00000007c0000000)
  eden space 65536K, 0% used [0x000000076ab00000,0x000000076ab00000,0x000000076eb00000)
  from space 10752K, 87% used [0x000000076eb00000,0x000000076f42ddd8,0x000000076f580000)
  to   space 10752K, 0% used [0x000000076f580000,0x000000076f580000,0x0000000770000000)
 ParOldGen       total 175104K, used 5000K [0x00000006c0000000, 0x00000006cab00000, 0x000000076ab00000)
  object space 175104K, 2% used [0x00000006c0000000,0x00000006c04e2020,0x00000006cab00000)
 Metaspace       used 20262K, capacity 21042K, committed 21248K, reserved 1067008K
  class space    used 2792K, capacity 2976K, committed 3072K, reserved 1048576K
Event: 10.357 GC heap after
Heap after GC invocations=2 (full 1):
 PSYoungGen      total 76288K, used 0K [0x000000076ab00000, 0x0000000770000000, 0x00000007c0000000)
  eden space 65536K, 0% used [0x000000076ab00000,0x000000076ab00000,0x000000076eb00000)
  from space 10752K, 0% used [0x000000076eb00000,0x000000076eb00000,0x000000076f580000)
  to   space 10752K, 0% used [0x000000076f580000,0x000000076f580000,0x0000000770000000)
 ParOldGen       total 82432K, used 11737K [0x00000006c0000000, 0x00000006c5080000, 0x000000076ab00000)
  object space 82432K, 14% used [0x00000006c0000000,0x00000006c0b76570,0x00000006c5080000)
 Metaspace       used 20262K, capacity 21042K, committed 21248K, reserved 1067008K
  class space    used 2792K, capacity 2976K, committed 3072K, reserved 1048576K
}
Event: 30.782 GC heap before
{Heap before GC invocations=3 (full 1):
 PSYoungGen      total 76288K, used 65536K [0x000000076ab00000, 0x0000000770000000, 0x00000007c0000000)
  eden space 65536K, 100% used [0x000000076ab00000,0x000000076eb00000,0x000000076eb00000)
  from space 10752K, 0% used [0x000000076eb00000,0x000000076eb00000,0x000000076f580000)
  to   space 10752K, 0% used [0x000000076f580000,0x000000076f580000,0x0000000770000000)
 ParOldGen       total 82432K, used 11737K [0x00000006c0000000, 0x00000006c5080000, 0x000000076ab00000)
  object space 82432K, 14% used [0x00000006c0000000,0x00000006c0b76570,0x00000006c5080000)
 Metaspace       used 24583K, capacity 25538K, committed 25856K, reserved 1071104K
  class space    used 3261K, capacity 3477K, committed 3584K, reserved 1048576K
Event: 30.793 GC heap after
Heap after GC invocations=3 (full 1):
 PSYoungGen      total 76288K, used 8624K [0x000000076ab00000, 0x0000000770000000, 0x00000007c0000000)
  eden space 65536K, 0% used [0x000000076ab00000,0x000000076ab00000,0x000000076eb00000)
  from space 10752K, 80% used [0x000000076f580000,0x000000076fdec398,0x0000000770000000)
  to   space 10752K, 0% used [0x000000076eb00000,0x000000076eb00000,0x000000076f580000)
 ParOldGen       total 82432K, used 17376K [0x00000006c0000000, 0x00000006c5080000, 0x000000076ab00000)
  object space 82432K, 21% used [0x00000006c0000000,0x00000006c10f8028,0x00000006c5080000)
 Metaspace       used 24583K, capacity 25538K, committed 25856K, reserved 1071104K
  class space    used 3261K, capacity 3477K, committed 3584K, reserved 1048576K
}
Event: 65.915 GC heap before
{Heap before GC invocations=4 (full 1):
 PSYoungGen      total 76288K, used 74160K [0x000000076ab00000, 0x0000000770000000, 0x00000007c0000000)
  eden space 65536K, 100% used [0x000000076ab00000,0x000000076eb00000,0x000000076eb00000)
  from space 10752K, 80% used [0x000000076f580000,0x000000076fdec398,0x0000000770000000)
  to   space 10752K, 0% used [0x000000076eb00000,0x000000076eb00000,0x000000076f580000)
 ParOldGen       total 82432K, used 17376K [0x00000006c0000000, 0x00000006c5080000, 0x000000076ab00000)
  object space 82432K, 21% used [0x00000006c0000000,0x00000006c10f8028,0x00000006c5080000)
 Metaspace       used 24585K, capacity 25538K, committed 25856K, reserved 1071104K
  class space    used 3261K, capacity 3477K, committed 3584K, reserved 1048576K
Event: 65.918 GC heap after
Heap after GC invocations=4 (full 1):
 PSYoungGen      total 76288K, used 8575K [0x000000076ab00000, 0x0000000770000000, 0x00000007c0000000)
  eden space 65536K, 0% used [0x000000076ab00000,0x000000076ab00000,0x000000076eb00000)
  from space 10752K, 79% used [0x000000076eb00000,0x000000076f35fc90,0x000000076f580000)
  to   space 10752K, 0% used [0x000000076f580000,0x000000076f580000,0x0000000770000000)
 ParOldGen       total 82432K, used 17384K [0x00000006c0000000, 0x00000006c5080000, 0x000000076ab00000)
  object space 82432K, 21% used [0x00000006c0000000,0x00000006c10fa028,0x00000006c5080000)
 Metaspace       used 24585K, capacity 25538K, committed 25856K, reserved 1071104K
  class space    used 3261K, capacity 3477K, committed 3584K, reserved 1048576K
}

Deoptimization events (10 events):
Event: 18.215 Thread 0x00007fc2f70f4800 Uncommon trap: reason=unstable_if action=reinterpret pc=0x0000000114df2a58 method=com.esotericsoftware.kryo.io.Input.readInt(Z)I @ 6
Event: 18.215 Thread 0x00007fc2f70f4800 Uncommon trap: reason=unstable_if action=reinterpret pc=0x0000000114df4e50 method=com.esotericsoftware.kryo.Kryo.newInstance(Ljava/lang/Class;)Ljava/lang/Object; @ 12
Event: 26.245 Thread 0x00007fc2f6112000 Uncommon trap: reason=unstable_if action=reinterpret pc=0x0000000114df2274 method=sun.java2d.loops.RenderCache$Entry.matches(Lsun/java2d/loops/SurfaceType;Lsun/java2d/loops/CompositeType;Lsun/java2d/loops/SurfaceType;)Z @ 13
Event: 30.795 Thread 0x00007fc2f51a1000 Uncommon trap: reason=unstable_if action=reinterpret pc=0x0000000114eee840 method=java.util.concurrent.ConcurrentHashMap.get(Ljava/lang/Object;)Ljava/lang/Object; @ 138
Event: 32.300 Thread 0x00007fc2f6112000 Uncommon trap: reason=unstable_if action=reinterpret pc=0x0000000114e649f0 method=java.awt.geom.AffineTransform.translate(DD)V @ 384
Event: 66.128 Thread 0x00007fc2f6112000 Uncommon trap: reason=unstable_if action=reinterpret pc=0x0000000114f5d424 method=com.esotericsoftware.kryo.io.Output.writeInt(IZ)I @ 17
Event: 69.052 Thread 0x00007fc2f70f4800 Uncommon trap: reason=unstable_if action=reinterpret pc=0x0000000114f3e1d8 method=java.nio.channels.spi.AbstractInterruptibleChannel.end(Z)V @ 31
Event: 69.054 Thread 0x00007fc2f70f4800 Uncommon trap: reason=unstable_if action=reinterpret pc=0x0000000114f6b39c method=sun.nio.ch.SelectorImpl.processDeregisterQueue()V @ 15
Event: 69.062 Thread 0x00007fc2f6112000 Uncommon trap: reason=unstable_if action=reinterpret pc=0x0000000114f848c4 method=com.esotericsoftware.kryonet.Connection.sendUDP(Ljava/lang/Object;)I @ 39
Event: 76.057 Thread 0x00007fc2f710c800 Uncommon trap: reason=unstable_if action=reinterpret pc=0x0000000114f1e034 method=java.util.HashMap$HashIterator.<init>(Ljava/util/HashMap;)V @ 38

Internal exceptions (10 events):
Event: 1.151 Thread 0x00007fc2f710c800 Implicit null exception at 0x00000001147f9d77 to 0x00000001147fb519
Event: 10.201 Thread 0x00007fc2f70f4800 Implicit null exception at 0x00000001149fba7c to 0x00000001149fbb55
Event: 10.218 Thread 0x00007fc2f710c800 Exception <a 'java/io/FileNotFoundException'> (0x000000076db7d068) thrown at [/Users/java_re/workspace/8-2-build-macosx-x86_64/jdk8u151/9699/hotspot/src/share/vm/prims/jni.cpp, line 709]
Event: 10.218 Thread 0x00007fc2f710c800 Exception <a 'java/io/FileNotFoundException'> (0x000000076db7dde0) thrown at [/Users/java_re/workspace/8-2-build-macosx-x86_64/jdk8u151/9699/hotspot/src/share/vm/prims/jni.cpp, line 709]
Event: 10.219 Thread 0x00007fc2f70f4800 Exception <a 'java/lang/NullPointerException'> (0x000000076dc0b6c8) thrown at [/Users/java_re/workspace/8-2-build-macosx-x86_64/jdk8u151/9699/hotspot/src/share/vm/runtime/reflection.cpp, line 922]
Event: 10.385 Thread 0x00007fc2f710c800 Implicit null exception at 0x0000000114b591b5 to 0x0000000114b59571
Event: 10.385 Thread 0x00007fc2f710c800 Implicit null exception at 0x00000001146a49f6 to 0x00000001146a4db5
Event: 18.215 Thread 0x00007fc2f70f4800 Implicit null exception at 0x0000000114df4af0 to 0x0000000114df4e2d
Event: 30.805 Thread 0x00007fc2f6037000 Exception <a 'java/lang/NullPointerException'> (0x000000076ad4c348) thrown at [/Users/java_re/workspace/8-2-build-macosx-x86_64/jdk8u151/9699/hotspot/src/share/vm/interpreter/linkResolver.cpp, line 1183]
Event: 76.057 Thread 0x00007fc2f710c800 Implicit null exception at 0x0000000114f1de44 to 0x0000000114f1e01d

Events (10 events):
Event: 76.978 loading class javafx/application/Application done
Event: 76.986 loading class com/sun/javafx/tk/quantum/QuantumRenderer
Event: 76.986 loading class com/sun/javafx/tk/quantum/QuantumRenderer done
Event: 76.986 loading class com/sun/javafx/tk/quantum/QuantumToolkit
Event: 76.986 loading class com/sun/javafx/tk/quantum/QuantumToolkit done
Event: 76.986 Thread 0x00007fc2f683a000 Thread exited: 0x00007fc2f683a000
Event: 76.986 Thread 0x00007fc2f5238800 Thread exited: 0x00007fc2f5238800
Event: 76.986 Thread 0x00007fc2f5000000 Thread exited: 0x00007fc2f5000000
Event: 76.986 Thread 0x00007fc2f5000000 Thread added: 0x00007fc2f5000000
Event: 76.987 Thread 0x00007fc2f710c800 Thread exited: 0x00007fc2f710c800


Dynamic libraries:
0x000000002d81e000 	/System/Library/Frameworks/Cocoa.framework/Versions/A/Cocoa
0x000000002d81e000 	/System/Library/Frameworks/Security.framework/Versions/A/Security
0x000000002d81e000 	/System/Library/Frameworks/ApplicationServices.framework/Versions/A/ApplicationServices
0x000000002d81e000 	/usr/lib/libz.1.dylib
0x000000002d81e000 	/usr/lib/libSystem.B.dylib
0x000000002d81e000 	/usr/lib/libobjc.A.dylib
0x000000002d81e000 	/System/Library/Frameworks/CoreFoundation.framework/Versions/A/CoreFoundation
0x000000002d81e000 	/System/Library/Frameworks/Foundation.framework/Versions/C/Foundation
0x000000002d81e000 	/System/Library/Frameworks/AppKit.framework/Versions/C/AppKit
0x000000002d81e000 	/System/Library/Frameworks/CoreData.framework/Versions/A/CoreData
0x000000002d81e000 	/System/Library/PrivateFrameworks/RemoteViewServices.framework/Versions/A/RemoteViewServices
0x000000002d81e000 	/System/Library/PrivateFrameworks/UIFoundation.framework/Versions/A/UIFoundation
0x000000002d81e000 	/System/Library/PrivateFrameworks/DFRFoundation.framework/Versions/A/DFRFoundation
0x000000002d81e000 	/System/Library/Frameworks/Metal.framework/Versions/A/Metal
0x000000002d81e000 	/System/Library/PrivateFrameworks/DesktopServicesPriv.framework/Versions/A/DesktopServicesPriv
0x000000002d81e000 	/usr/lib/libenergytrace.dylib
0x000000002d81e000 	/System/Library/PrivateFrameworks/SkyLight.framework/Versions/A/SkyLight
0x000000002d81e000 	/System/Library/Frameworks/CoreGraphics.framework/Versions/A/CoreGraphics
0x000000002d81e000 	/usr/lib/libScreenReader.dylib
0x000000002d81e000 	/System/Library/Frameworks/Accelerate.framework/Versions/A/Accelerate
0x000000002d81e000 	/System/Library/Frameworks/IOSurface.framework/Versions/A/IOSurface
0x000000002d81e000 	/System/Library/Frameworks/AudioToolbox.framework/Versions/A/AudioToolbox
0x000000002d81e000 	/System/Library/Frameworks/AudioUnit.framework/Versions/A/AudioUnit
0x000000002d81e000 	/System/Library/PrivateFrameworks/DataDetectorsCore.framework/Versions/A/DataDetectorsCore
0x000000002d81e000 	/System/Library/Frameworks/Carbon.framework/Versions/A/Frameworks/HIToolbox.framework/Versions/A/HIToolbox
0x000000002d81e000 	/usr/lib/libicucore.A.dylib
0x000000002d81e000 	/System/Library/Frameworks/QuartzCore.framework/Versions/A/QuartzCore
0x000000002d81e000 	/System/Library/Frameworks/Carbon.framework/Versions/A/Frameworks/SpeechRecognition.framework/Versions/A/SpeechRecognition
0x000000002d81e000 	/usr/lib/libauto.dylib
0x000000002d81e000 	/usr/lib/libxml2.2.dylib
0x000000002d81e000 	/System/Library/PrivateFrameworks/CoreUI.framework/Versions/A/CoreUI
0x000000002d81e000 	/System/Library/Frameworks/CoreAudio.framework/Versions/A/CoreAudio
0x000000002d81e000 	/System/Library/Frameworks/DiskArbitration.framework/Versions/A/DiskArbitration
0x000000002d81e000 	/usr/lib/liblangid.dylib
0x000000002d81e000 	/System/Library/PrivateFrameworks/MultitouchSupport.framework/Versions/A/MultitouchSupport
0x000000002d81e000 	/System/Library/Frameworks/IOKit.framework/Versions/A/IOKit
0x000000002d81e000 	/usr/lib/libDiagnosticMessagesClient.dylib
0x000000002d81e000 	/System/Library/Frameworks/CoreServices.framework/Versions/A/CoreServices
0x000000002d81e000 	/System/Library/PrivateFrameworks/PerformanceAnalysis.framework/Versions/A/PerformanceAnalysis
0x000000002d81e000 	/System/Library/Frameworks/OpenGL.framework/Versions/A/OpenGL
0x000000002d81e000 	/System/Library/Frameworks/ColorSync.framework/Versions/A/ColorSync
0x000000002d81e000 	/System/Library/Frameworks/CoreImage.framework/Versions/A/CoreImage
0x000000002d81e000 	/System/Library/Frameworks/CoreText.framework/Versions/A/CoreText
0x000000002d81e000 	/System/Library/Frameworks/ImageIO.framework/Versions/A/ImageIO
0x000000002d81e000 	/System/Library/PrivateFrameworks/Backup.framework/Versions/A/Backup
0x000000002d81e000 	/usr/lib/libarchive.2.dylib
0x000000002d81e000 	/System/Library/Frameworks/CFNetwork.framework/Versions/A/CFNetwork
0x000000002d81e000 	/System/Library/Frameworks/SystemConfiguration.framework/Versions/A/SystemConfiguration
0x000000002d81e000 	/usr/lib/libCRFSuite.dylib
0x000000002d81e000 	/usr/lib/libc++.1.dylib
0x000000002d81e000 	/usr/lib/libc++abi.dylib
0x000000002d81e000 	/usr/lib/system/libcache.dylib
0x000000002d81e000 	/usr/lib/system/libcommonCrypto.dylib
0x000000002d81e000 	/usr/lib/system/libcompiler_rt.dylib
0x000000002d81e000 	/usr/lib/system/libcopyfile.dylib
0x000000002d81e000 	/usr/lib/system/libcorecrypto.dylib
0x000000002d81e000 	/usr/lib/system/libdispatch.dylib
0x000000002d81e000 	/usr/lib/system/libdyld.dylib
0x000000002d81e000 	/usr/lib/system/libkeymgr.dylib
0x000000002d81e000 	/usr/lib/system/liblaunch.dylib
0x000000002d81e000 	/usr/lib/system/libmacho.dylib
0x000000002d81e000 	/usr/lib/system/libquarantine.dylib
0x000000002d81e000 	/usr/lib/system/libremovefile.dylib
0x000000002d81e000 	/usr/lib/system/libsystem_asl.dylib
0x000000002d81e000 	/usr/lib/system/libsystem_blocks.dylib
0x000000002d81e000 	/usr/lib/system/libsystem_c.dylib
0x000000002d81e000 	/usr/lib/system/libsystem_configuration.dylib
0x000000002d81e000 	/usr/lib/system/libsystem_coreservices.dylib
0x000000002d81e000 	/usr/lib/system/libsystem_darwin.dylib
0x000000002d81e000 	/usr/lib/system/libsystem_dnssd.dylib
0x000000002d81e000 	/usr/lib/system/libsystem_info.dylib
0x000000002d81e000 	/usr/lib/system/libsystem_m.dylib
0x000000002d81e000 	/usr/lib/system/libsystem_malloc.dylib
0x000000002d81e000 	/usr/lib/system/libsystem_network.dylib
0x000000002d81e000 	/usr/lib/system/libsystem_networkextension.dylib
0x000000002d81e000 	/usr/lib/system/libsystem_notify.dylib
0x000000002d81e000 	/usr/lib/system/libsystem_sandbox.dylib
0x000000002d81e000 	/usr/lib/system/libsystem_secinit.dylib
0x000000002d81e000 	/usr/lib/system/libsystem_kernel.dylib
0x000000002d81e000 	/usr/lib/system/libsystem_platform.dylib
0x000000002d81e000 	/usr/lib/system/libsystem_pthread.dylib
0x000000002d81e000 	/usr/lib/system/libsystem_symptoms.dylib
0x000000002d81e000 	/usr/lib/system/libsystem_trace.dylib
0x000000002d81e000 	/usr/lib/system/libunwind.dylib
0x000000002d81e000 	/usr/lib/system/libxpc.dylib
0x000000002d81e000 	/usr/lib/closure/libclosured.dylib
0x000000002d81e000 	/usr/lib/libbsm.0.dylib
0x000000002d81e000 	/usr/lib/system/libkxld.dylib
0x000000002d81e000 	/usr/lib/libOpenScriptingUtil.dylib
0x000000002d81e000 	/usr/lib/libcoretls.dylib
0x000000002d81e000 	/usr/lib/libcoretls_cfhelpers.dylib
0x000000002d81e000 	/usr/lib/libpam.2.dylib
0x000000002d81e000 	/usr/lib/libsqlite3.dylib
0x000000002d81e000 	/usr/lib/libxar.1.dylib
0x000000002d81e000 	/usr/lib/libbz2.1.0.dylib
0x000000002d81e000 	/usr/lib/liblzma.5.dylib
0x000000002d81e000 	/usr/lib/libnetwork.dylib
0x000000002d81e000 	/usr/lib/libapple_nghttp2.dylib
0x000000002d81e000 	/usr/lib/libpcap.A.dylib
0x000000002d81e000 	/usr/lib/libboringssl.dylib
0x000000002d81e000 	/usr/lib/libusrtcp.dylib
0x000000002d81e000 	/usr/lib/libapple_crypto.dylib
0x000000002d81e000 	/System/Library/Frameworks/CoreServices.framework/Versions/A/Frameworks/FSEvents.framework/Versions/A/FSEvents
0x000000002d81e000 	/System/Library/Frameworks/CoreServices.framework/Versions/A/Frameworks/CarbonCore.framework/Versions/A/CarbonCore
0x000000002d81e000 	/System/Library/Frameworks/CoreServices.framework/Versions/A/Frameworks/Metadata.framework/Versions/A/Metadata
0x000000002d81e000 	/System/Library/Frameworks/CoreServices.framework/Versions/A/Frameworks/OSServices.framework/Versions/A/OSServices
0x000000002d81e000 	/System/Library/Frameworks/CoreServices.framework/Versions/A/Frameworks/SearchKit.framework/Versions/A/SearchKit
0x000000002d81e000 	/System/Library/Frameworks/CoreServices.framework/Versions/A/Frameworks/AE.framework/Versions/A/AE
0x000000002d81e000 	/System/Library/Frameworks/CoreServices.framework/Versions/A/Frameworks/LaunchServices.framework/Versions/A/LaunchServices
0x000000002d81e000 	/System/Library/Frameworks/CoreServices.framework/Versions/A/Frameworks/DictionaryServices.framework/Versions/A/DictionaryServices
0x000000002d81e000 	/System/Library/Frameworks/CoreServices.framework/Versions/A/Frameworks/SharedFileList.framework/Versions/A/SharedFileList
0x000000002d81e000 	/System/Library/Frameworks/NetFS.framework/Versions/A/NetFS
0x000000002d81e000 	/System/Library/PrivateFrameworks/NetAuth.framework/Versions/A/NetAuth
0x000000002d81e000 	/System/Library/PrivateFrameworks/login.framework/Versions/A/Frameworks/loginsupport.framework/Versions/A/loginsupport
0x000000002d81e000 	/System/Library/PrivateFrameworks/TCC.framework/Versions/A/TCC
0x000000002d81e000 	/usr/lib/libmecabra.dylib
0x000000002d81e000 	/System/Library/Frameworks/ApplicationServices.framework/Versions/A/Frameworks/ATS.framework/Versions/A/ATS
0x000000002d81e000 	/System/Library/Frameworks/ApplicationServices.framework/Versions/A/Frameworks/ColorSyncLegacy.framework/Versions/A/ColorSyncLegacy
0x000000002d81e000 	/System/Library/Frameworks/ApplicationServices.framework/Versions/A/Frameworks/HIServices.framework/Versions/A/HIServices
0x000000002d81e000 	/System/Library/Frameworks/ApplicationServices.framework/Versions/A/Frameworks/LangAnalysis.framework/Versions/A/LangAnalysis
0x000000002d81e000 	/System/Library/Frameworks/ApplicationServices.framework/Versions/A/Frameworks/PrintCore.framework/Versions/A/PrintCore
0x000000002d81e000 	/System/Library/Frameworks/ApplicationServices.framework/Versions/A/Frameworks/QD.framework/Versions/A/QD
0x000000002d81e000 	/System/Library/Frameworks/ApplicationServices.framework/Versions/A/Frameworks/SpeechSynthesis.framework/Versions/A/SpeechSynthesis
0x000000002d81e000 	/System/Library/Frameworks/CoreDisplay.framework/Versions/A/CoreDisplay
0x000000002d81e000 	/System/Library/Frameworks/Accelerate.framework/Versions/A/Frameworks/vImage.framework/Versions/A/vImage
0x000000002d81e000 	/System/Library/Frameworks/Accelerate.framework/Versions/A/Frameworks/vecLib.framework/Versions/A/vecLib
0x000000002d81e000 	/System/Library/Frameworks/Accelerate.framework/Versions/A/Frameworks/vecLib.framework/Versions/A/libvDSP.dylib
0x000000002d81e000 	/System/Library/Frameworks/Accelerate.framework/Versions/A/Frameworks/vecLib.framework/Versions/A/libBNNS.dylib
0x000000002d81e000 	/System/Library/Frameworks/Accelerate.framework/Versions/A/Frameworks/vecLib.framework/Versions/A/libQuadrature.dylib
0x000000002d81e000 	/System/Library/Frameworks/Accelerate.framework/Versions/A/Frameworks/vecLib.framework/Versions/A/libvMisc.dylib
0x000000002d81e000 	/System/Library/Frameworks/Accelerate.framework/Versions/A/Frameworks/vecLib.framework/Versions/A/libLAPACK.dylib
0x000000002d81e000 	/System/Library/Frameworks/Accelerate.framework/Versions/A/Frameworks/vecLib.framework/Versions/A/libBLAS.dylib
0x000000002d81e000 	/System/Library/Frameworks/Accelerate.framework/Versions/A/Frameworks/vecLib.framework/Versions/A/libLinearAlgebra.dylib
0x000000002d81e000 	/System/Library/Frameworks/Accelerate.framework/Versions/A/Frameworks/vecLib.framework/Versions/A/libSparse.dylib
0x000000002d81e000 	/System/Library/Frameworks/Accelerate.framework/Versions/A/Frameworks/vecLib.framework/Versions/A/libSparseBLAS.dylib
0x000000002d81e000 	/System/Library/PrivateFrameworks/IOAccelerator.framework/Versions/A/IOAccelerator
0x000000002d81e000 	/System/Library/PrivateFrameworks/IOPresentment.framework/Versions/A/IOPresentment
0x000000002d81e000 	/System/Library/PrivateFrameworks/DSExternalDisplay.framework/Versions/A/DSExternalDisplay
0x000000002d81e000 	/System/Library/Frameworks/OpenGL.framework/Versions/A/Libraries/libCoreFSCache.dylib
0x000000002d81e000 	/System/Library/Frameworks/CoreVideo.framework/Versions/A/CoreVideo
0x000000002d81e000 	/System/Library/PrivateFrameworks/GraphVisualizer.framework/Versions/A/GraphVisualizer
0x000000002d81e000 	/System/Library/Frameworks/MetalPerformanceShaders.framework/Versions/A/MetalPerformanceShaders
0x000000002d81e000 	/usr/lib/libFosl_dynamic.dylib
0x000000002d81e000 	/System/Library/PrivateFrameworks/FaceCore.framework/Versions/A/FaceCore
0x000000002d81e000 	/System/Library/Frameworks/OpenCL.framework/Versions/A/OpenCL
0x000000002d81e000 	/usr/lib/libcompression.dylib
0x000000002d81e000 	/System/Library/Frameworks/ApplicationServices.framework/Versions/A/Frameworks/ATS.framework/Versions/A/Resources/libFontParser.dylib
0x000000002d81e000 	/System/Library/Frameworks/ApplicationServices.framework/Versions/A/Frameworks/ATS.framework/Versions/A/Resources/libFontRegistry.dylib
0x000000002d81e000 	/System/Library/Frameworks/ImageIO.framework/Versions/A/Resources/libJPEG.dylib
0x000000002d81e000 	/System/Library/Frameworks/ImageIO.framework/Versions/A/Resources/libTIFF.dylib
0x000000002d81e000 	/System/Library/Frameworks/ImageIO.framework/Versions/A/Resources/libPng.dylib
0x000000002d81e000 	/System/Library/Frameworks/ImageIO.framework/Versions/A/Resources/libGIF.dylib
0x000000002d81e000 	/System/Library/Frameworks/ImageIO.framework/Versions/A/Resources/libJP2.dylib
0x000000002d81e000 	/System/Library/Frameworks/ImageIO.framework/Versions/A/Resources/libRadiance.dylib
0x000000002d81e000 	/System/Library/PrivateFrameworks/AppleJPEG.framework/Versions/A/AppleJPEG
0x000000002d81e000 	/System/Library/PrivateFrameworks/MetalTools.framework/Versions/A/MetalTools
0x000000002d81e000 	/System/Library/Frameworks/MetalPerformanceShaders.framework/Frameworks/MPSCore.framework/Versions/A/MPSCore
0x000000002d81e000 	/System/Library/Frameworks/MetalPerformanceShaders.framework/Frameworks/MPSImage.framework/Versions/A/MPSImage
0x000000002d81e000 	/System/Library/Frameworks/MetalPerformanceShaders.framework/Frameworks/MPSMatrix.framework/Versions/A/MPSMatrix
0x000000002d81e000 	/System/Library/Frameworks/MetalPerformanceShaders.framework/Frameworks/MPSNeuralNetwork.framework/Versions/A/MPSNeuralNetwork
0x000000002d81e000 	/System/Library/Frameworks/OpenGL.framework/Versions/A/Libraries/libGLU.dylib
0x000000002d81e000 	/System/Library/Frameworks/OpenGL.framework/Versions/A/Libraries/libGFXShared.dylib
0x000000002d81e000 	/System/Library/Frameworks/OpenGL.framework/Versions/A/Libraries/libGL.dylib
0x000000002d81e000 	/System/Library/Frameworks/OpenGL.framework/Versions/A/Libraries/libGLImage.dylib
0x000000002d81e000 	/System/Library/Frameworks/OpenGL.framework/Versions/A/Libraries/libCVMSPluginSupport.dylib
0x000000002d81e000 	/System/Library/Frameworks/OpenGL.framework/Versions/A/Libraries/libCoreVMClient.dylib
0x000000002d81e000 	/usr/lib/libcups.2.dylib
0x000000002d81e000 	/System/Library/Frameworks/Kerberos.framework/Versions/A/Kerberos
0x000000002d81e000 	/System/Library/Frameworks/GSS.framework/Versions/A/GSS
0x000000002d81e000 	/usr/lib/libresolv.9.dylib
0x000000002d81e000 	/usr/lib/libiconv.2.dylib
0x000000002d81e000 	/System/Library/PrivateFrameworks/Heimdal.framework/Versions/A/Heimdal
0x000000002d81e000 	/usr/lib/libheimdal-asn1.dylib
0x000000002d81e000 	/System/Library/Frameworks/OpenDirectory.framework/Versions/A/OpenDirectory
0x000000002d81e000 	/System/Library/PrivateFrameworks/CommonAuth.framework/Versions/A/CommonAuth
0x000000002d81e000 	/System/Library/Frameworks/OpenDirectory.framework/Versions/A/Frameworks/CFOpenDirectory.framework/Versions/A/CFOpenDirectory
0x000000002d81e000 	/System/Library/Frameworks/SecurityFoundation.framework/Versions/A/SecurityFoundation
0x000000002d81e000 	/System/Library/PrivateFrameworks/APFS.framework/Versions/A/APFS
0x000000002d81e000 	/usr/lib/libutil.dylib
0x000000002d81e000 	/System/Library/PrivateFrameworks/AppleSauce.framework/Versions/A/AppleSauce
0x000000002d81e000 	/System/Library/PrivateFrameworks/LinguisticData.framework/Versions/A/LinguisticData
0x000000002d81e000 	/usr/lib/libmarisa.dylib
0x000000002d81e000 	/System/Library/PrivateFrameworks/Lexicon.framework/Versions/A/Lexicon
0x000000002d81e000 	/usr/lib/libChineseTokenizer.dylib
0x000000002d81e000 	/usr/lib/libcmph.dylib
0x000000002d81e000 	/System/Library/PrivateFrameworks/LanguageModeling.framework/Versions/A/LanguageModeling
0x000000002d81e000 	/System/Library/PrivateFrameworks/CoreEmoji.framework/Versions/A/CoreEmoji
0x000000002d81e000 	/System/Library/Frameworks/ServiceManagement.framework/Versions/A/ServiceManagement
0x000000002d81e000 	/System/Library/PrivateFrameworks/BackgroundTaskManagement.framework/Versions/A/BackgroundTaskManagement
0x000000002d81e000 	/usr/lib/libxslt.1.dylib
0x000000002d81e000 	/System/Library/Frameworks/Carbon.framework/Versions/A/Frameworks/Ink.framework/Versions/A/Ink
0x000000002d81e000 	/System/Library/PrivateFrameworks/TextureIO.framework/Versions/A/TextureIO
0x000000002d81e000 	/usr/lib/libate.dylib
0x000000002d81e000 	/System/Library/PrivateFrameworks/CrashReporterSupport.framework/Versions/A/CrashReporterSupport
0x000000002d81e000 	/System/Library/PrivateFrameworks/Sharing.framework/Versions/A/Sharing
0x000000002d81e000 	/System/Library/PrivateFrameworks/IconServices.framework/Versions/A/IconServices
0x000000002d81e000 	/System/Library/PrivateFrameworks/ProtocolBuffer.framework/Versions/A/ProtocolBuffer
0x000000002d81e000 	/System/Library/PrivateFrameworks/Apple80211.framework/Versions/A/Apple80211
0x000000002d81e000 	/System/Library/Frameworks/CoreWLAN.framework/Versions/A/CoreWLAN
0x000000002d81e000 	/System/Library/PrivateFrameworks/CoreUtils.framework/Versions/A/CoreUtils
0x000000002d81e000 	/System/Library/Frameworks/IOBluetooth.framework/Versions/A/IOBluetooth
0x000000002d81e000 	/System/Library/PrivateFrameworks/CoreWiFi.framework/Versions/A/CoreWiFi
0x000000002d81e000 	/System/Library/Frameworks/CoreBluetooth.framework/Versions/A/CoreBluetooth
0x000000002d81e000 	/System/Library/PrivateFrameworks/SignpostNotification.framework/Versions/A/SignpostNotification
0x000000002d81e000 	/System/Library/PrivateFrameworks/DebugSymbols.framework/Versions/A/DebugSymbols
0x000000002d81e000 	/System/Library/PrivateFrameworks/CoreSymbolication.framework/Versions/A/CoreSymbolication
0x000000002d81e000 	/System/Library/PrivateFrameworks/Symbolication.framework/Versions/A/Symbolication
0x000000002d81e000 	/System/Library/PrivateFrameworks/AppleFSCompression.framework/Versions/A/AppleFSCompression
0x000000002d81e000 	/System/Library/PrivateFrameworks/SpeechRecognitionCore.framework/Versions/A/SpeechRecognitionCore
0x000000010cc00000 	/Library/Java/JavaVirtualMachines/jdk1.8.0_151.jdk/Contents/Home/jre/lib/server/libjvm.dylib
0x000000002d81e000 	/usr/lib/libstdc++.6.0.9.dylib
0x000000010bb49000 	/Library/Java/JavaVirtualMachines/jdk1.8.0_151.jdk/Contents/Home/jre/lib/libverify.dylib
0x000000010bb57000 	/Library/Java/JavaVirtualMachines/jdk1.8.0_151.jdk/Contents/Home/jre/lib/libjava.dylib
0x000000010bbd6000 	/Library/Java/JavaVirtualMachines/jdk1.8.0_151.jdk/Contents/Home/jre/lib/libzip.dylib
0x000000002d81e000 	/System/Library/Frameworks/JavaVM.framework/Versions/A/Frameworks/JavaRuntimeSupport.framework/Versions/A/JavaRuntimeSupport
0x000000002d81e000 	/System/Library/Frameworks/JavaVM.framework/Versions/A/Frameworks/JavaNativeFoundation.framework/Versions/A/JavaNativeFoundation
0x000000002d81e000 	/System/Library/Frameworks/JavaVM.framework/Versions/A/JavaVM
0x000000002d81e000 	/System/Library/Frameworks/Carbon.framework/Versions/A/Carbon
0x000000002d81e000 	/System/Library/PrivateFrameworks/JavaLaunching.framework/Versions/A/JavaLaunching
0x000000002d81e000 	/System/Library/Frameworks/Carbon.framework/Versions/A/Frameworks/CommonPanels.framework/Versions/A/CommonPanels
0x000000002d81e000 	/System/Library/Frameworks/Carbon.framework/Versions/A/Frameworks/Help.framework/Versions/A/Help
0x000000002d81e000 	/System/Library/Frameworks/Carbon.framework/Versions/A/Frameworks/ImageCapture.framework/Versions/A/ImageCapture
0x000000002d81e000 	/System/Library/Frameworks/Carbon.framework/Versions/A/Frameworks/OpenScripting.framework/Versions/A/OpenScripting
0x000000002d81e000 	/System/Library/Frameworks/Carbon.framework/Versions/A/Frameworks/Print.framework/Versions/A/Print
0x000000002d81e000 	/System/Library/Frameworks/Carbon.framework/Versions/A/Frameworks/SecurityHI.framework/Versions/A/SecurityHI
0x00000001136ab000 	/Library/Java/JavaVirtualMachines/jdk1.8.0_151.jdk/Contents/Home/jre/lib/libprism_es2.dylib
0x000000002d81e000 	/System/Library/PrivateFrameworks/CoreServicesInternal.framework/Versions/A/CoreServicesInternal
0x000000002d81e000 	/System/Library/Frameworks/OpenGL.framework/Versions/A/Resources/GLEngine.bundle/GLEngine
0x000000002d81e000 	/System/Library/Frameworks/OpenGL.framework/Versions/A/Libraries/libGLProgrammability.dylib
0x000000012b495000 	/System/Library/Extensions/AppleIntelKBLGraphicsGLDriver.bundle/Contents/MacOS/AppleIntelKBLGraphicsGLDriver
0x000000002d81e000 	/System/Library/PrivateFrameworks/GPUSupport.framework/Versions/A/Libraries/libGPUSupportMercury.dylib
0x0000000113759000 	/System/Library/Extensions/AMDRadeonX4000GLDriver.bundle/Contents/MacOS/AMDRadeonX4000GLDriver
0x000000002d81e000 	/System/Library/Extensions/AMDRadeonX4000GLDriver.bundle/Contents/MacOS/ATIRadeonX4000SCLib.dylib
0x000000002d81e000 	/System/Library/Frameworks/OpenGL.framework/Versions/A/Resources/GLRendererFloat.bundle/GLRendererFloat
0x000000002d81e000 	/System/Library/Frameworks/OpenCL.framework/Versions/A/Libraries/libcldcpuengine.dylib
0x000000002d81e000 	/usr/lib/libcrypto.35.dylib
0x000000002d81e000 	/System/Library/PrivateFrameworks/TrustEvaluationAgent.framework/Versions/A/TrustEvaluationAgent
0x00000001138c1000 	/Library/Java/JavaVirtualMachines/jdk1.8.0_151.jdk/Contents/Home/jre/lib/libglass.dylib
0x000000002d81e000 	/System/Library/CoreServices/RawCamera.bundle/Contents/MacOS/RawCamera
0x000000002d81e000 	/System/Library/PrivateFrameworks/MobileAsset.framework/Versions/A/MobileAsset
0x000000002d81e000 	/System/Library/PrivateFrameworks/StreamingZip.framework/Versions/A/StreamingZip
0x000000002d81e000 	/System/Library/Frameworks/MediaToolbox.framework/Versions/A/MediaToolbox
0x000000002d81e000 	/System/Library/PrivateFrameworks/CoreAVCHD.framework/Versions/A/CoreAVCHD
0x000000002d81e000 	/System/Library/Frameworks/MediaAccessibility.framework/Versions/A/MediaAccessibility
0x000000002d81e000 	/System/Library/PrivateFrameworks/Mangrove.framework/Versions/A/Mangrove
0x000000002d81e000 	/System/Library/Frameworks/CoreMedia.framework/Versions/A/CoreMedia
0x000000002d81e000 	/System/Library/Frameworks/VideoToolbox.framework/Versions/A/VideoToolbox
0x000000002d81e000 	/System/Library/PrivateFrameworks/CoreAUC.framework/Versions/A/CoreAUC
0x000000002d81e000 	/usr/lib/libspindump.dylib
0x000000002d81e000 	/usr/lib/libdscsym.dylib
0x000000002d81e000 	/System/Library/PrivateFrameworks/AppleVA.framework/Versions/A/AppleVA
0x000000002d81e000 	/System/Library/Frameworks/Accelerate.framework/Versions/A/Frameworks/vImage.framework/Versions/A/Libraries/libCGInterfaces.dylib
0x000000002d81e000 	/System/Library/PrivateFrameworks/FamilyControls.framework/Versions/A/FamilyControls
0x000000002d81e000 	/System/Library/PrivateFrameworks/CommerceKit.framework/Versions/A/Frameworks/CommerceCore.framework/Versions/A/CommerceCore
0x000000002d81e000 	/System/Library/PrivateFrameworks/SystemAdministration.framework/Versions/A/SystemAdministration
0x000000002d81e000 	/System/Library/PrivateFrameworks/AppContainer.framework/Versions/A/AppContainer
0x000000002d81e000 	/System/Library/PrivateFrameworks/SecCodeWrapper.framework/Versions/A/SecCodeWrapper
0x000000002d81e000 	/System/Library/PrivateFrameworks/DiskManagement.framework/Versions/A/DiskManagement
0x000000002d81e000 	/System/Library/Frameworks/DirectoryService.framework/Versions/A/DirectoryService
0x000000002d81e000 	/System/Library/PrivateFrameworks/DiskImages.framework/Versions/A/DiskImages
0x000000002d81e000 	/System/Library/PrivateFrameworks/LoginUIKit.framework/Versions/A/Frameworks/LoginUICore.framework/Versions/A/LoginUICore
0x000000002d81e000 	/usr/lib/libCoreStorage.dylib
0x000000002d81e000 	/usr/lib/libcsfde.dylib
0x000000002d81e000 	/usr/lib/libodfde.dylib
0x000000002d81e000 	/System/Library/PrivateFrameworks/MediaKit.framework/Versions/A/MediaKit
0x000000002d81e000 	/System/Library/Frameworks/DiscRecording.framework/Versions/A/DiscRecording
0x000000002d81e000 	/System/Library/PrivateFrameworks/EFILogin.framework/Versions/A/EFILogin
0x000000002d81e000 	/System/Library/PrivateFrameworks/ProtectedCloudStorage.framework/Versions/A/ProtectedCloudStorage
0x000000002d81e000 	/usr/lib/libcurl.4.dylib
0x000000002d81e000 	/usr/lib/libssl.35.dylib
0x000000002d81e000 	/System/Library/Frameworks/LDAP.framework/Versions/A/LDAP
0x000000002d81e000 	/usr/lib/libsasl2.2.dylib
0x000000002d81e000 	/System/Library/PrivateFrameworks/CoreDaemon.framework/Versions/B/CoreDaemon
0x000000002d81e000 	/System/Library/PrivateFrameworks/AppleSRP.framework/Versions/A/AppleSRP
0x000000012de17000 	/Library/Java/JavaVirtualMachines/jdk1.8.0_151.jdk/Contents/Home/jre/lib/libjavafx_font.dylib
0x000000002d81e000 	/System/Library/Frameworks/ApplicationServices.framework/Versions/A/Frameworks/ATS.framework/Versions/A/Resources/libTrueTypeScaler.dylib
0x000000002d81e000 	/System/Library/Extensions/AppleIntelKBLGraphicsMTLDriver.bundle/Contents/MacOS/AppleIntelKBLGraphicsMTLDriver
0x000000013450a000 	/System/Library/Extensions/AMDMTLBronzeDriver.bundle/Contents/MacOS/AMDMTLBronzeDriver
0x000000002d81e000 	/System/Library/PrivateFrameworks/IOAccelMemoryInfo.framework/Versions/A/IOAccelMemoryInfo
0x000000002d81e000 	/System/Library/PrivateFrameworks/GPUCompiler.framework/Versions/3802/Libraries/libmetal_timestamp.dylib
0x0000000134bee000 	/Library/Java/JavaVirtualMachines/jdk1.8.0_151.jdk/Contents/Home/jre/lib/libprism_common.dylib
0x000000002d81e000 	/System/Library/PrivateFrameworks/ViewBridge.framework/Versions/A/ViewBridge
0x000000002d81e000 	/System/Library/PrivateFrameworks/login.framework/Versions/A/login
0x000000012f32e000 	/Library/Java/JavaVirtualMachines/jdk1.8.0_151.jdk/Contents/Home/jre/lib/libnet.dylib
0x000000012e7a5000 	/Library/Java/JavaVirtualMachines/jdk1.8.0_151.jdk/Contents/Home/jre/lib/libnio.dylib
0x000000012f345000 	/Library/Java/JavaVirtualMachines/jdk1.8.0_151.jdk/Contents/Home/jre/lib/libawt.dylib
0x000000012f3ed000 	/Library/Java/JavaVirtualMachines/jdk1.8.0_151.jdk/Contents/Home/jre/lib/./libmlib_image.dylib
0x000000012f4b9000 	/Library/Java/JavaVirtualMachines/jdk1.8.0_151.jdk/Contents/Home/jre/lib/libawt_lwawt.dylib
0x000000012f570000 	/Library/Java/JavaVirtualMachines/jdk1.8.0_151.jdk/Contents/Home/jre/lib/./libosxapp.dylib
0x000000002d81e000 	/System/Library/Frameworks/ExceptionHandling.framework/Versions/A/ExceptionHandling
0x000000012f58c000 	/Library/Java/JavaVirtualMachines/jdk1.8.0_151.jdk/Contents/Home/jre/lib/libfontmanager.dylib
0x000000012f66f000 	/Library/Java/JavaVirtualMachines/jdk1.8.0_151.jdk/Contents/Home/jre/lib/libosxui.dylib
0x000000013701f000 	/Library/Java/JavaVirtualMachines/jdk1.8.0_151.jdk/Contents/Home/jre/lib/libmanagement.dylib
0x0000000142204000 	/Library/Java/JavaVirtualMachines/jdk1.8.0_151.jdk/Contents/Home/jre/lib/libdcpr.dylib
0x00000001ac30a000 	/Library/Java/JavaVirtualMachines/jdk1.8.0_151.jdk/Contents/Home/jre/lib/libt2k.dylib

VM Arguments:
jvm_args: -Dfile.encoding=UTF-8 
java_command: dsekercioglu.client.App
java_class_path (initial): /Users/doruksekercioglu/NetBeansProjects/WildNature/lib/core.jar:/Users/doruksekercioglu/NetBeansProjects/WildNature/lib/kryonet-2.21-all.jar:/Users/doruksekercioglu/NetBeansProjects/WildNature/build/classes
Launcher Type: SUN_STANDARD

Environment Variables:
PATH=/usr/bin:/bin:/usr/sbin:/sbin
LD_LIBRARY_PATH=/Library/Java/JavaVirtualMachines/jdk1.8.0_151.jdk/Contents/Home/jre/lib/amd64:/Library/Java/JavaVirtualMachines/jdk1.8.0_151.jdk/Contents/Home/jre/lib/i386:
SHELL=/bin/bash

Signal Handlers:
SIGSEGV: [libjvm.dylib+0x5b27a5], sa_mask[0]=11111111011111110111111111111111, sa_flags=SA_ONSTACK|SA_RESTART|SA_SIGINFO
SIGBUS: [libjvm.dylib+0x5b27a5], sa_mask[0]=11111111011111110111111111111111, sa_flags=SA_RESTART|SA_SIGINFO
SIGFPE: [libjvm.dylib+0x4891c4], sa_mask[0]=11111111011111110111111111111111, sa_flags=SA_RESTART|SA_SIGINFO
SIGPIPE: [libjvm.dylib+0x4891c4], sa_mask[0]=11111111011111110111111111111111, sa_flags=SA_RESTART|SA_SIGINFO
SIGXFSZ: [libjvm.dylib+0x4891c4], sa_mask[0]=11111111011111110111111111111111, sa_flags=SA_RESTART|SA_SIGINFO
SIGILL: [libjvm.dylib+0x4891c4], sa_mask[0]=11111111011111110111111111111111, sa_flags=SA_RESTART|SA_SIGINFO
SIGUSR1: SIG_DFL, sa_mask[0]=00000000000000000000000000000000, sa_flags=none
SIGUSR2: [libjvm.dylib+0x488ce2], sa_mask[0]=00100000000000000000000000000000, sa_flags=SA_RESTART|SA_SIGINFO
SIGHUP: [libjvm.dylib+0x4872b9], sa_mask[0]=11111111011111110111111111111111, sa_flags=SA_RESTART|SA_SIGINFO
SIGINT: SIG_IGN, sa_mask[0]=00000000000000000000000000000000, sa_flags=none
SIGTERM: [libjvm.dylib+0x4872b9], sa_mask[0]=11111111011111110111111111111111, sa_flags=SA_RESTART|SA_SIGINFO
SIGQUIT: [libjvm.dylib+0x4872b9], sa_mask[0]=11111111011111110111111111111111, sa_flags=SA_RESTART|SA_SIGINFO


---------------  S Y S T E M  ---------------

OS:Bsduname:Darwin 17.3.0 Darwin Kernel Version 17.3.0: Thu Nov  9 18:09:22 PST 2017; root:xnu-4570.31.3~1/RELEASE_X86_64 x86_64
rlimit: STACK 8192k, CORE 0k, NPROC 1418, NOFILE 10240, AS infinity
load average:2.64 2.26 2.08

CPU:total 8 (initial active 8) (4 cores per cpu, 2 threads per core) family 6 model 158 stepping 9, cmov, cx8, fxsr, mmx, sse, sse2, sse3, ssse3, sse4.1, sse4.2, popcnt, avx, avx2, aes, clmul, erms, rtm, 3dnowpref, lzcnt, ht, tsc, tscinvbit, bmi1, bmi2, adx

Memory: 4k page, physical 16777216k(3613876k free)

/proc/meminfo:


vm_info: Java HotSpot(TM) 64-Bit Server VM (25.151-b12) for bsd-amd64 JRE (1.8.0_151-b12), built on Sep  5 2017 19:37:08 by "java_re" with gcc 4.2.1 (Based on Apple Inc. build 5658) (LLVM build 2336.11.00)

time: Wed Mar 28 17:45:43 2018
elapsed time: 77 seconds (0d 0h 1m 17s)

